<?xml version="1.0" encoding="UTF-8"?>
<!-- Generated by org.testng.reporters.JUnitReportReporter -->
<testsuite skipped="0" hostname="DESKTOP-T2AGJ19" name="com.inetbanking.testCases.TC_LoginTest_001" tests="1" failures="0" timestamp="22 Aug 2021 14:42:44 GMT" time="4.794" errors="0">
  <testcase name="loginTest" time="4.794" classname="com.inetbanking.testCases.TC_LoginTest_001"/>
</testsuite> <!-- com.inetbanking.testCases.TC_LoginTest_001 -->
