<?xml version="1.0" encoding="UTF-8"?>
<!-- Generated by org.testng.reporters.JUnitReportReporter -->
<testsuite skipped="0" hostname="DESKTOP-T2AGJ19" name="com.inetbanking.testCases.TC_AddCustomerTest_003" tests="1" failures="0" timestamp="22 Aug 2021 14:37:07 GMT" time="14.538" errors="0">
  <testcase name="addNewCustomer" time="14.538" classname="com.inetbanking.testCases.TC_AddCustomerTest_003"/>
</testsuite> <!-- com.inetbanking.testCases.TC_AddCustomerTest_003 -->
