<?xml version="1.0" encoding="UTF-8"?>
<!-- Generated by org.testng.reporters.JUnitReportReporter -->
<testsuite skipped="0" hostname="DESKTOP-T2AGJ19" name="com.inetbanking.testCases.TC_LoginTest_001" tests="1" failures="0" timestamp="25 Aug 2021 10:31:49 GMT" time="3.922" errors="0">
  <testcase name="loginTest" time="3.922" classname="com.inetbanking.testCases.TC_LoginTest_001"/>
</testsuite> <!-- com.inetbanking.testCases.TC_LoginTest_001 -->
